<?xml version="1.0" encoding="UTF-8"?>
<!-- Generated by org.testng.reporters.JUnitReportReporter -->
<testsuite hostname="divya" failures="0" tests="1" name="pac.CreateContact" time="0.017" errors="0" timestamp="2021-03-29T17:55:37 IST" skipped="0">
  <testcase classname="pac.CreateContact" name="test" time="0.017"/>
  <system-out/>
</testsuite> <!-- pac.CreateContact -->
